0 info it worked if it ends with ok
1 verbose cli [ '/usr/local/Cellar/node/0.10.24/bin/node',
1 verbose cli   '/usr/local/bin/npm',
1 verbose cli   'install',
1 verbose cli   'spm',
1 verbose cli   '-g' ]
2 info using npm@1.3.21
3 info using node@v0.10.24
4 verbose cache add [ 'spm', null ]
5 verbose cache add name=undefined spec="spm" args=["spm",null]
6 verbose parsed url { protocol: null,
6 verbose parsed url   slashes: null,
6 verbose parsed url   auth: null,
6 verbose parsed url   host: null,
6 verbose parsed url   port: null,
6 verbose parsed url   hostname: null,
6 verbose parsed url   hash: null,
6 verbose parsed url   search: null,
6 verbose parsed url   query: null,
6 verbose parsed url   pathname: 'spm',
6 verbose parsed url   path: 'spm',
6 verbose parsed url   href: 'spm' }
7 silly lockFile e03f10fa-spm spm
8 verbose lock spm /Users/elr-mbp/.npm/e03f10fa-spm.lock
9 silly lockFile e03f10fa-spm spm
10 silly lockFile e03f10fa-spm spm
11 verbose addNamed [ 'spm', '' ]
12 verbose addNamed [ null, '*' ]
13 silly lockFile 2f211a58-spm spm@
14 verbose lock spm@ /Users/elr-mbp/.npm/2f211a58-spm.lock
15 silly addNameRange { name: 'spm', range: '*', hasData: false }
16 verbose url raw spm
17 verbose url resolving [ 'https://registry.npmjs.org/', './spm' ]
18 verbose url resolved https://registry.npmjs.org/spm
19 info trying registry request attempt 1 at 09:45:21
20 http GET https://registry.npmjs.org/spm
21 http 200 https://registry.npmjs.org/spm
22 silly registry.get cb [ 200,
22 silly registry.get   { date: 'Tue, 13 May 2014 01:45:22 GMT',
22 silly registry.get     server: 'CouchDB/1.5.0 (Erlang OTP/R14B04)',
22 silly registry.get     etag: '"ZTKSC87OLTX3VV1PP6ROKMCT"',
22 silly registry.get     'content-type': 'application/json',
22 silly registry.get     via: '1.1 varnish',
22 silly registry.get     'cache-control': 'max-age=1',
22 silly registry.get     'content-length': '123340',
22 silly registry.get     'accept-ranges': 'bytes',
22 silly registry.get     age: '535',
22 silly registry.get     'x-served-by': 'cache-v44-ASH, cache-ty67-TYO',
22 silly registry.get     'x-cache': 'MISS, MISS',
22 silly registry.get     'x-cache-hits': '0, 0',
22 silly registry.get     'x-timer': 'S1399944986.827100039,VS0,VS89,VE103,VE535380',
22 silly registry.get     vary: 'Accept',
22 silly registry.get     'keep-alive': 'timeout=10, max=50',
22 silly registry.get     connection: 'Keep-Alive' } ]
23 silly addNameRange number 2 { name: 'spm', range: '*', hasData: true }
24 silly addNameRange versions [ 'spm',
24 silly addNameRange   [ '0.2.0',
24 silly addNameRange     '0.2.1',
24 silly addNameRange     '0.3.0',
24 silly addNameRange     '0.4.0',
24 silly addNameRange     '0.4.1',
24 silly addNameRange     '0.9.0',
24 silly addNameRange     '0.9.1',
24 silly addNameRange     '0.9.2',
24 silly addNameRange     '0.9.3',
24 silly addNameRange     '0.9.4-1',
24 silly addNameRange     '0.9.5',
24 silly addNameRange     '0.9.6',
24 silly addNameRange     '0.9.7',
24 silly addNameRange     '0.9.8',
24 silly addNameRange     '0.9.9',
24 silly addNameRange     '0.9.10',
24 silly addNameRange     '0.9.11',
24 silly addNameRange     '0.9.12',
24 silly addNameRange     '0.9.12-1',
24 silly addNameRange     '1.0.0-rc1',
24 silly addNameRange     '1.0.0',
24 silly addNameRange     '1.0.1',
24 silly addNameRange     '1.1.0',
24 silly addNameRange     '1.1.1',
24 silly addNameRange     '1.1.2',
24 silly addNameRange     '1.1.3',
24 silly addNameRange     '1.2.0-dev',
24 silly addNameRange     '1.2.0',
24 silly addNameRange     '1.2.1',
24 silly addNameRange     '1.3.0',
24 silly addNameRange     '1.3.1',
24 silly addNameRange     '1.3.2',
24 silly addNameRange     '1.4.0',
24 silly addNameRange     '1.5.0',
24 silly addNameRange     '1.5.1',
24 silly addNameRange     '1.5.2',
24 silly addNameRange     '1.6.0-dev',
24 silly addNameRange     '1.6.0',
24 silly addNameRange     '1.7.0',
24 silly addNameRange     '1.7.1',
24 silly addNameRange     '1.7.2',
24 silly addNameRange     '1.7.3',
24 silly addNameRange     '1.7.4',
24 silly addNameRange     '1.7.5',
24 silly addNameRange     '1.7.6',
24 silly addNameRange     '1.7.7',
24 silly addNameRange     '2.0.0',
24 silly addNameRange     '2.0.1',
24 silly addNameRange     '2.0.2',
24 silly addNameRange     '2.0.3',
24 silly addNameRange     '2.1.0',
24 silly addNameRange     '2.1.1',
24 silly addNameRange     '2.1.2',
24 silly addNameRange     '2.1.3',
24 silly addNameRange     '2.1.4',
24 silly addNameRange     '2.1.5',
24 silly addNameRange     '2.1.6',
24 silly addNameRange     '2.1.7',
24 silly addNameRange     '2.1.8',
24 silly addNameRange     '2.1.9',
24 silly addNameRange     '2.1.10-rc',
24 silly addNameRange     '2.1.10',
24 silly addNameRange     '2.1.11',
24 silly addNameRange     '2.1.12',
24 silly addNameRange     '2.2.0',
24 silly addNameRange     '2.2.1',
24 silly addNameRange     '2.2.2',
24 silly addNameRange     '2.2.3',
24 silly addNameRange     '2.2.4',
24 silly addNameRange     '2.2.5',
24 silly addNameRange     '3.0.0',
24 silly addNameRange     '3.0.0-rc1',
24 silly addNameRange     '3.0.0-rc2',
24 silly addNameRange     '3.0.0-rc3',
24 silly addNameRange     '2.2.6',
24 silly addNameRange     '3.0.0-rc4',
24 silly addNameRange     '2.0.0-b1',
24 silly addNameRange     '2.0.0-b2',
24 silly addNameRange     '2.0.0-b3',
24 silly addNameRange     '2.0.0-b4',
24 silly addNameRange     '2.0.0-b5',
24 silly addNameRange     '2.0.0-b6',
24 silly addNameRange     '2.1.0-a1',
24 silly addNameRange     '2.1.0-a2',
24 silly addNameRange     '2.1.1-a1' ] ]
25 verbose addNamed [ 'spm', '2.2.6' ]
26 verbose addNamed [ '2.2.6', '2.2.6' ]
27 silly lockFile fefd1808-spm-2-2-6 spm@2.2.6
28 verbose lock spm@2.2.6 /Users/elr-mbp/.npm/fefd1808-spm-2-2-6.lock
29 silly lockFile 526a1fa7-stry-npmjs-org-spm-spm-2-2-6-tgz https://registry.npmjs.org/spm/-/spm-2.2.6.tgz
30 verbose lock https://registry.npmjs.org/spm/-/spm-2.2.6.tgz /Users/elr-mbp/.npm/526a1fa7-stry-npmjs-org-spm-spm-2-2-6-tgz.lock
31 verbose addRemoteTarball [ 'https://registry.npmjs.org/spm/-/spm-2.2.6.tgz',
31 verbose addRemoteTarball   'e208cc314e4b4bcb966f33477e3caf981f162f7d' ]
32 info retry fetch attempt 1 at 09:45:23
33 verbose fetch to= /Users/elr-mbp/tmp/npm-744-UrEb3tsv/1399945523470-0.596115121152252/tmp.tgz
34 http GET https://registry.npmjs.org/spm/-/spm-2.2.6.tgz
35 http 200 https://registry.npmjs.org/spm/-/spm-2.2.6.tgz
36 verbose tar unpack /Users/elr-mbp/tmp/npm-744-UrEb3tsv/1399945523470-0.596115121152252/tmp.tgz
37 silly lockFile 6232d7a7-523470-0-596115121152252-package tar:///Users/elr-mbp/tmp/npm-744-UrEb3tsv/1399945523470-0.596115121152252/package
38 verbose lock tar:///Users/elr-mbp/tmp/npm-744-UrEb3tsv/1399945523470-0.596115121152252/package /Users/elr-mbp/.npm/6232d7a7-523470-0-596115121152252-package.lock
39 silly lockFile 9207cd9f-523470-0-596115121152252-tmp-tgz tar:///Users/elr-mbp/tmp/npm-744-UrEb3tsv/1399945523470-0.596115121152252/tmp.tgz
40 verbose lock tar:///Users/elr-mbp/tmp/npm-744-UrEb3tsv/1399945523470-0.596115121152252/tmp.tgz /Users/elr-mbp/.npm/9207cd9f-523470-0-596115121152252-tmp-tgz.lock
41 silly gunzTarPerm modes [ '755', '644' ]
42 silly gunzTarPerm extractEntry package.json
43 silly gunzTarPerm extractEntry .npmignore
44 silly gunzTarPerm extractEntry README.md
45 silly gunzTarPerm extractEntry LICENSE
46 silly gunzTarPerm extractEntry index.js
47 silly gunzTarPerm extractEntry CONTRIBUTING.md
48 silly gunzTarPerm extractEntry Makefile
49 silly gunzTarPerm extractEntry bin/spm
50 silly gunzTarPerm extractEntry bin/spm-config
51 silly gunzTarPerm extractEntry bin/spm-info
52 silly gunzTarPerm extractEntry bin/spm-install
53 silly gunzTarPerm extractEntry bin/spm-login
54 silly gunzTarPerm extractEntry bin/spm-plugin
55 silly gunzTarPerm extractEntry bin/spm-publish
56 silly gunzTarPerm extractEntry bin/spm-search
57 silly gunzTarPerm extractEntry bin/spm-tree
58 silly gunzTarPerm extractEntry bin/spm-unpublish
59 silly gunzTarPerm extractEntry lib/config.js
60 silly gunzTarPerm extractEntry lib/info.js
61 silly gunzTarPerm extractEntry lib/install.js
62 silly gunzTarPerm extractEntry lib/login.js
63 silly gunzTarPerm extractEntry lib/plugin.js
64 silly gunzTarPerm extractEntry lib/publish.js
65 silly gunzTarPerm extractEntry lib/search.js
66 silly gunzTarPerm extractEntry lib/unpublish.js
67 silly gunzTarPerm extractEntry lib/sdk/file.js
68 silly gunzTarPerm extractEntry lib/sdk/git.js
69 silly gunzTarPerm extractEntry lib/sdk/iduri.js
70 silly gunzTarPerm extractEntry lib/sdk/module.js
71 silly gunzTarPerm extractEntry lib/sdk/yuan.js
72 silly gunzTarPerm extractEntry lib/utils/index.js
73 silly gunzTarPerm extractEntry lib/utils/log.js
74 silly gunzTarPerm extractEntry lib/utils/program.js
75 silly gunzTarPerm extractEntry lib/utils/run.js
76 silly gunzTarPerm extractEntry lib/utils/tar.js
77 silly gunzTarPerm extractEntry scripts/preinstall.js
78 silly gunzTarPerm extractEntry scripts/githooks/post-merge
79 silly gunzTarPerm extractEntry scripts/githooks/pre-commit
80 silly gunzTarPerm extractEntry scripts/nico.json
81 silly lockFile 6232d7a7-523470-0-596115121152252-package tar:///Users/elr-mbp/tmp/npm-744-UrEb3tsv/1399945523470-0.596115121152252/package
82 silly lockFile 6232d7a7-523470-0-596115121152252-package tar:///Users/elr-mbp/tmp/npm-744-UrEb3tsv/1399945523470-0.596115121152252/package
83 silly lockFile 9207cd9f-523470-0-596115121152252-tmp-tgz tar:///Users/elr-mbp/tmp/npm-744-UrEb3tsv/1399945523470-0.596115121152252/tmp.tgz
84 silly lockFile 9207cd9f-523470-0-596115121152252-tmp-tgz tar:///Users/elr-mbp/tmp/npm-744-UrEb3tsv/1399945523470-0.596115121152252/tmp.tgz
85 verbose tar pack [ '/Users/elr-mbp/.npm/spm/2.2.6/package.tgz',
85 verbose tar pack   '/Users/elr-mbp/tmp/npm-744-UrEb3tsv/1399945523470-0.596115121152252/package' ]
86 verbose tarball /Users/elr-mbp/.npm/spm/2.2.6/package.tgz
87 verbose folder /Users/elr-mbp/tmp/npm-744-UrEb3tsv/1399945523470-0.596115121152252/package
88 silly lockFile 6232d7a7-523470-0-596115121152252-package tar:///Users/elr-mbp/tmp/npm-744-UrEb3tsv/1399945523470-0.596115121152252/package
89 verbose lock tar:///Users/elr-mbp/tmp/npm-744-UrEb3tsv/1399945523470-0.596115121152252/package /Users/elr-mbp/.npm/6232d7a7-523470-0-596115121152252-package.lock
90 silly lockFile 20164d1c-lr-mbp-npm-spm-2-2-6-package-tgz tar:///Users/elr-mbp/.npm/spm/2.2.6/package.tgz
91 verbose lock tar:///Users/elr-mbp/.npm/spm/2.2.6/package.tgz /Users/elr-mbp/.npm/20164d1c-lr-mbp-npm-spm-2-2-6-package-tgz.lock
92 silly lockFile 6232d7a7-523470-0-596115121152252-package tar:///Users/elr-mbp/tmp/npm-744-UrEb3tsv/1399945523470-0.596115121152252/package
93 silly lockFile 6232d7a7-523470-0-596115121152252-package tar:///Users/elr-mbp/tmp/npm-744-UrEb3tsv/1399945523470-0.596115121152252/package
94 silly lockFile 20164d1c-lr-mbp-npm-spm-2-2-6-package-tgz tar:///Users/elr-mbp/.npm/spm/2.2.6/package.tgz
95 silly lockFile 20164d1c-lr-mbp-npm-spm-2-2-6-package-tgz tar:///Users/elr-mbp/.npm/spm/2.2.6/package.tgz
96 silly lockFile acbf1eb1-rs-elr-mbp-npm-spm-2-2-6-package /Users/elr-mbp/.npm/spm/2.2.6/package
97 verbose lock /Users/elr-mbp/.npm/spm/2.2.6/package /Users/elr-mbp/.npm/acbf1eb1-rs-elr-mbp-npm-spm-2-2-6-package.lock
98 silly lockFile acbf1eb1-rs-elr-mbp-npm-spm-2-2-6-package /Users/elr-mbp/.npm/spm/2.2.6/package
99 silly lockFile acbf1eb1-rs-elr-mbp-npm-spm-2-2-6-package /Users/elr-mbp/.npm/spm/2.2.6/package
100 verbose tar unpack /Users/elr-mbp/.npm/spm/2.2.6/package.tgz
101 silly lockFile 5b870816-rs-elr-mbp-npm-spm-2-2-6-package tar:///Users/elr-mbp/.npm/spm/2.2.6/package
102 verbose lock tar:///Users/elr-mbp/.npm/spm/2.2.6/package /Users/elr-mbp/.npm/5b870816-rs-elr-mbp-npm-spm-2-2-6-package.lock
103 silly lockFile 20164d1c-lr-mbp-npm-spm-2-2-6-package-tgz tar:///Users/elr-mbp/.npm/spm/2.2.6/package.tgz
104 verbose lock tar:///Users/elr-mbp/.npm/spm/2.2.6/package.tgz /Users/elr-mbp/.npm/20164d1c-lr-mbp-npm-spm-2-2-6-package-tgz.lock
105 silly gunzTarPerm modes [ '755', '644' ]
106 silly gunzTarPerm extractEntry package.json
107 silly gunzTarPerm extractEntry .npmignore
108 silly gunzTarPerm extractEntry README.md
109 silly gunzTarPerm extractEntry LICENSE
110 silly gunzTarPerm extractEntry index.js
111 silly gunzTarPerm extractEntry CONTRIBUTING.md
112 silly gunzTarPerm extractEntry Makefile
113 silly gunzTarPerm extractEntry bin/spm
114 silly gunzTarPerm extractEntry bin/spm-config
115 silly gunzTarPerm extractEntry bin/spm-info
116 silly gunzTarPerm extractEntry bin/spm-install
117 silly gunzTarPerm extractEntry bin/spm-login
118 silly gunzTarPerm extractEntry bin/spm-plugin
119 silly gunzTarPerm extractEntry bin/spm-publish
120 silly gunzTarPerm extractEntry bin/spm-search
121 silly gunzTarPerm extractEntry bin/spm-tree
122 silly gunzTarPerm extractEntry bin/spm-unpublish
123 silly gunzTarPerm extractEntry lib/config.js
124 silly gunzTarPerm extractEntry lib/info.js
125 silly gunzTarPerm extractEntry lib/install.js
126 silly gunzTarPerm extractEntry lib/login.js
127 silly gunzTarPerm extractEntry lib/plugin.js
128 silly gunzTarPerm extractEntry lib/publish.js
129 silly gunzTarPerm extractEntry lib/search.js
130 silly gunzTarPerm extractEntry lib/unpublish.js
131 silly gunzTarPerm extractEntry lib/sdk/file.js
132 silly gunzTarPerm extractEntry lib/sdk/git.js
133 silly gunzTarPerm extractEntry lib/sdk/iduri.js
134 silly gunzTarPerm extractEntry lib/sdk/module.js
135 silly gunzTarPerm extractEntry lib/sdk/yuan.js
136 silly gunzTarPerm extractEntry lib/utils/index.js
137 silly gunzTarPerm extractEntry lib/utils/log.js
138 silly gunzTarPerm extractEntry lib/utils/program.js
139 silly gunzTarPerm extractEntry lib/utils/run.js
140 silly gunzTarPerm extractEntry lib/utils/tar.js
141 silly gunzTarPerm extractEntry scripts/preinstall.js
142 silly gunzTarPerm extractEntry scripts/githooks/post-merge
143 silly gunzTarPerm extractEntry scripts/githooks/pre-commit
144 silly gunzTarPerm extractEntry scripts/nico.json
145 silly lockFile 5b870816-rs-elr-mbp-npm-spm-2-2-6-package tar:///Users/elr-mbp/.npm/spm/2.2.6/package
146 silly lockFile 5b870816-rs-elr-mbp-npm-spm-2-2-6-package tar:///Users/elr-mbp/.npm/spm/2.2.6/package
147 silly lockFile 20164d1c-lr-mbp-npm-spm-2-2-6-package-tgz tar:///Users/elr-mbp/.npm/spm/2.2.6/package.tgz
148 silly lockFile 20164d1c-lr-mbp-npm-spm-2-2-6-package-tgz tar:///Users/elr-mbp/.npm/spm/2.2.6/package.tgz
149 verbose chmod /Users/elr-mbp/.npm/spm/2.2.6/package.tgz 644
150 verbose chown /Users/elr-mbp/.npm/spm/2.2.6/package.tgz [ 501, 20 ]
151 silly lockFile 526a1fa7-stry-npmjs-org-spm-spm-2-2-6-tgz https://registry.npmjs.org/spm/-/spm-2.2.6.tgz
152 silly lockFile 526a1fa7-stry-npmjs-org-spm-spm-2-2-6-tgz https://registry.npmjs.org/spm/-/spm-2.2.6.tgz
153 silly lockFile fefd1808-spm-2-2-6 spm@2.2.6
154 silly lockFile fefd1808-spm-2-2-6 spm@2.2.6
155 silly lockFile 2f211a58-spm spm@
156 silly lockFile 2f211a58-spm spm@
157 silly resolved [ { name: 'spm',
157 silly resolved     version: '2.2.6',
157 silly resolved     preferGlobal: 'true',
157 silly resolved     description: 'Static Package Manager',
157 silly resolved     author: { name: 'Hsiaoming Yang', email: 'me@lepture.com' },
157 silly resolved     repository: { type: 'git', url: 'https://github.com/spmjs/spm2.git' },
157 silly resolved     keywords: [ 'seajs', 'module', 'cmd', 'package', 'tool', 'browser' ],
157 silly resolved     dependencies:
157 silly resolved      { 'win-spawn': '~1.1.0',
157 silly resolved        inherits: '~1.0.0',
157 silly resolved        fstream: '~0.1.22',
157 silly resolved        'fstream-ignore': '~0.0.6',
157 silly resolved        spmrc: '~0.1.3',
157 silly resolved        semver: '~1.1.4',
157 silly resolved        async: '~0.1.22',
157 silly resolved        tar: '~0.1.16',
157 silly resolved        'form-data': '~0.1.0',
157 silly resolved        request: '~2.25.0',
157 silly resolved        colorful: '~2.1.0',
157 silly resolved        commander: '~1.1.1',
157 silly resolved        'cmd-util': '~0.3.10',
157 silly resolved        archy: '~0.0.2',
157 silly resolved        rimraf: '~2.1.4',
157 silly resolved        lodash: '~1.3.1' },
157 silly resolved     devDependencies: { sinon: '*', jshint: '*', mocha: '*', should: '*' },
157 silly resolved     bin: { spm: 'bin/spm' },
157 silly resolved     engines: { node: '>=0.8.19' },
157 silly resolved     scripts: { preinstall: 'node scripts/preinstall.js', test: 'make test' },
157 silly resolved     readme: '# Static Package Manager\n\n[![NPM version](https://badge.fury.io/js/spm.png)](http://badge.fury.io/js/spm)\n\n---------------------------\n\nspm is a package manager, **it is not build tools**.\n\nIf you are looking for a build tool, Grunt(gruntjs.com - http://gruntjs.com) will be a good choice.\n\nUseful links for building seajs project(seajs.org - http://seajs.org, and it\'s github address - https://github.com/seajs/seajs ):\n\n- https://github.com/spmjs/grunt-cmd-transport\n- https://github.com/spmjs/grunt-cmd-concat\n\n### Stable Channel\n\nGet the latest stable spm with:\n\n```\n$ npm install spm -g\n```\n\n## Usage\n\n```\n$ spm help\n```\n\n```\n$ spm install seajs\n$ spm install jquery/jquery\n$ spm install gallery/moment\n```\n\nYou can find plenty of modules in [spmjs.org](https://spmjs.org/).\n\n## Plugins\n\n- https://github.com/spmjs/spm-build\n- https://github.com/spmjs/spm-deploy\n- https://github.com/spmjs/spm-init\n- https://github.com/spmjs/spm-status\n- https://github.com/spmjs/spm-doc\n\n## Contribute\n\nYes, please do contribute. But before this, you should read our [Contributing Guide](https://github.com/spmjs/spm2/blob/master/CONTRIBUTING.md).\n\n\n## Changelog\n\n**Nov 27th, 2013** `2.2.4`\n\n- Show source url when publishing\n\n**Oct 28th, 2013** `2.2.0`\n\n- Verify package.name when publishing module\n- Support for `--save` and `--save-dev` arguments\n- Show latest version on spm info\n- Auto check update every month\n\n**Aug 14th, 2013** `2.1.12`\n\n- Support query argument for spm tree\n- Optimize prompt for network error\n\n**Aug 14th, 2013** `2.1.11`\n\n- Check the way to check sudoer\n- Update dependencies\n- Fix path.delimiter for windows #76\n\n**July 30th, 2013** `2.1.10`\n\n- Configure proxy\n- Install self\n- Add preinstall hook\n\n**July 22th, 2013** `2.1.9`\n\n- Update dependencies\n\n**July 16th, 2013** `2.1.7`\n\n- fix spm-install dont support uppercase filename bug\n\n**July 5th, 2013** `2.1.6`\n\n- add callback for spm.publish\n\n**June 25th, 2013** `2.1.4`\n\n- callback error when install\n\n**June 24th, 2013** `2.1.3`\n\n- Show more information on `spm info`\n- Publish doc with version\n\n**June 5th, 2013** `2.1.2`\n\n- Bugfix for installation\n- API for configuration of installation\n\n**May 6th, 2013** `2.1.1`\n\n- Various bugfixed\n- Add quiet option for spm info\n- Fix NODE PATH on windows\n\n**April 22nd, 2013** `2.1.0`\n\n- Remove spm-build, spm focus on package management.\n- spm can invoke tasks in gruntfile.\n- various bugfix.\n\n**April 9th, 2013** `2.0.3`\n\n- Fix spm-tree, pretty log on conflict dependencies\n- Install global with `spm install -g`\n\n**April 3rd, 2013** `2.0.2`\n\n- Fix publish docs [#17](https://github.com/spmjs/spm2/issues/17)\n- Friendly notification when 401\n\n**April 2st, 2013** `2.0.1`\n\n- Parsing dependencies from alias [#13](https://github.com/spmjs/spm2/issues/13)\n- Fix customized installation of non-cmd module\n- Fix installation of devAlias and engines\n\n**April 1st, 2013** `2.0.0`\n\nFirst version of spm with:\n\n- tree\n- info\n- search\n- install\n- login\n- publish\n- unpublish\n',
157 silly resolved     readmeFilename: 'README.md',
157 silly resolved     bugs: { url: 'https://github.com/spmjs/spm2/issues' },
157 silly resolved     homepage: 'https://github.com/spmjs/spm2',
157 silly resolved     _id: 'spm@2.2.6',
157 silly resolved     dist: { shasum: '20d88462d3c1df16d0ecd0cfbf3752d4d5f1c1a0' },
157 silly resolved     _from: 'spm@',
157 silly resolved     _resolved: 'https://registry.npmjs.org/spm/-/spm-2.2.6.tgz' } ]
158 info install spm@2.2.6 into /usr/local/lib
159 info installOne spm@2.2.6
160 info /usr/local/lib/node_modules/spm unbuild
161 verbose tar unpack /Users/elr-mbp/.npm/spm/2.2.6/package.tgz
162 silly lockFile efc20bee-r-usr-local-lib-node-modules-spm tar:///usr/local/lib/node_modules/spm
163 verbose lock tar:///usr/local/lib/node_modules/spm /Users/elr-mbp/.npm/efc20bee-r-usr-local-lib-node-modules-spm.lock
164 silly lockFile 20164d1c-lr-mbp-npm-spm-2-2-6-package-tgz tar:///Users/elr-mbp/.npm/spm/2.2.6/package.tgz
165 verbose lock tar:///Users/elr-mbp/.npm/spm/2.2.6/package.tgz /Users/elr-mbp/.npm/20164d1c-lr-mbp-npm-spm-2-2-6-package-tgz.lock
166 silly gunzTarPerm modes [ '755', '644' ]
167 silly gunzTarPerm extractEntry package.json
168 silly gunzTarPerm extractEntry .npmignore
169 silly gunzTarPerm extractEntry README.md
170 silly gunzTarPerm extractEntry LICENSE
171 silly gunzTarPerm extractEntry index.js
172 silly gunzTarPerm extractEntry CONTRIBUTING.md
173 silly gunzTarPerm extractEntry Makefile
174 silly gunzTarPerm extractEntry bin/spm
175 silly gunzTarPerm extractEntry bin/spm-config
176 silly gunzTarPerm extractEntry bin/spm-info
177 silly gunzTarPerm extractEntry bin/spm-install
178 silly gunzTarPerm extractEntry bin/spm-login
179 silly gunzTarPerm extractEntry bin/spm-plugin
180 silly gunzTarPerm extractEntry bin/spm-publish
181 silly gunzTarPerm extractEntry bin/spm-search
182 silly gunzTarPerm extractEntry bin/spm-tree
183 silly gunzTarPerm extractEntry bin/spm-unpublish
184 silly gunzTarPerm extractEntry lib/config.js
185 silly gunzTarPerm extractEntry lib/info.js
186 silly gunzTarPerm extractEntry lib/install.js
187 silly gunzTarPerm extractEntry lib/login.js
188 silly gunzTarPerm extractEntry lib/plugin.js
189 silly gunzTarPerm extractEntry lib/publish.js
190 silly gunzTarPerm extractEntry lib/search.js
191 silly gunzTarPerm extractEntry lib/unpublish.js
192 silly gunzTarPerm extractEntry lib/sdk/file.js
193 silly gunzTarPerm extractEntry lib/sdk/git.js
194 silly gunzTarPerm extractEntry lib/sdk/iduri.js
195 silly gunzTarPerm extractEntry lib/sdk/module.js
196 silly gunzTarPerm extractEntry lib/sdk/yuan.js
197 silly gunzTarPerm extractEntry lib/utils/index.js
198 silly gunzTarPerm extractEntry lib/utils/log.js
199 silly gunzTarPerm extractEntry lib/utils/program.js
200 silly gunzTarPerm extractEntry lib/utils/run.js
201 silly gunzTarPerm extractEntry lib/utils/tar.js
202 silly gunzTarPerm extractEntry scripts/preinstall.js
203 silly gunzTarPerm extractEntry scripts/githooks/post-merge
204 silly gunzTarPerm extractEntry scripts/githooks/pre-commit
205 silly gunzTarPerm extractEntry scripts/nico.json
206 silly lockFile efc20bee-r-usr-local-lib-node-modules-spm tar:///usr/local/lib/node_modules/spm
207 silly lockFile efc20bee-r-usr-local-lib-node-modules-spm tar:///usr/local/lib/node_modules/spm
208 silly lockFile 20164d1c-lr-mbp-npm-spm-2-2-6-package-tgz tar:///Users/elr-mbp/.npm/spm/2.2.6/package.tgz
209 silly lockFile 20164d1c-lr-mbp-npm-spm-2-2-6-package-tgz tar:///Users/elr-mbp/.npm/spm/2.2.6/package.tgz
210 info preinstall spm@2.2.6
211 verbose unsafe-perm in lifecycle false
212 info spm@2.2.6 Failed to exec preinstall script
213 info /usr/local/lib/node_modules/spm unbuild
214 info preuninstall spm@2.2.6
215 info uninstall spm@2.2.6
216 verbose true,/usr/local/lib/node_modules,/usr/local/lib/node_modules unbuild spm@2.2.6
217 verbose /usr/local/bin,[object Object] binRoot
218 info postuninstall spm@2.2.6
219 error spm@2.2.6 preinstall: `node scripts/preinstall.js`
219 error Exit status 1
220 error Failed at the spm@2.2.6 preinstall script.
220 error This is most likely a problem with the spm package,
220 error not with npm itself.
220 error Tell the author that this fails on your system:
220 error     node scripts/preinstall.js
220 error You can get their info via:
220 error     npm owner ls spm
220 error There is likely additional logging output above.
221 error System Darwin 13.1.0
222 error command "/usr/local/Cellar/node/0.10.24/bin/node" "/usr/local/bin/npm" "install" "spm" "-g"
223 error cwd /Users/elr-mbp/code/play/men
224 error node -v v0.10.24
225 error npm -v 1.3.21
226 error code ELIFECYCLE
227 verbose exit [ 1, true ]
